2023-05-25 15:33:34,383 - INFO - Início do programa.
2023-05-25 15:33:34,427 - INFO - Lendo arquivo de configuração...
2023-05-25 15:33:34,428 - INFO - Arquivo de configuração lido com sucesso.
2023-05-25 15:33:34,428 - INFO - Lendo arquivo do modelo...
2023-05-25 15:33:34,609 - INFO - Arquivo do modelo lido com sucesso. Processados 6461 termos e 1215 documentos em 0.18107247352600098 segundos
2023-05-25 15:33:34,609 - INFO - Obtendo os vetores de termos dos documentos e das consultas
2023-05-25 15:33:34,745 - INFO - Processados 6463 termos de 1215 documentos e 99 consultas em 0.13584518432617188 segundos
2023-05-25 15:33:40,439 - INFO - Início da gravação dos dados.
2023-05-25 15:33:41,409 - INFO - Fim da gravação dos dados. Gravados {} registros em {tempo_grav} segundos (tempo médio por registro {tempo_medio_grav} segundos).
2023-05-25 15:33:41,409 - INFO - Fim do programa. Tempo total 7.026905536651611 segundos.
2023-05-25 15:35:21,359 - INFO - Início do programa.
2023-05-25 15:35:21,437 - INFO - Lendo arquivo de configuração...
2023-05-25 15:35:21,439 - INFO - Arquivo de configuração lido com sucesso.
2023-05-25 15:35:21,439 - INFO - Lendo arquivo do modelo...
2023-05-25 15:35:21,665 - INFO - Arquivo do modelo lido com sucesso. Processados 9357 termos e 1215 documentos em 0.22656464576721191 segundos
2023-05-25 15:35:21,666 - INFO - Obtendo os vetores de termos dos documentos e das consultas
2023-05-25 15:35:21,987 - INFO - Processados 9364 termos de 1215 documentos e 99 consultas em 0.32082629203796387 segundos
2023-05-25 15:35:30,349 - INFO - Início da gravação dos dados.
2023-05-25 15:35:31,661 - INFO - Fim da gravação dos dados. Gravados {} registros em {tempo_grav} segundos (tempo médio por registro {tempo_medio_grav} segundos).
2023-05-25 15:35:31,661 - INFO - Fim do programa. Tempo total 10.302376747131348 segundos.
