2023-05-16 16:34:36,566 - INFO - Início do programa.
2023-05-16 16:34:36,708 - INFO - Lendo arquivo de configuração...
2023-05-16 16:34:36,710 - INFO - Arquivo de configuração lido com sucesso.
2023-05-16 16:34:36,711 - INFO - Início da leitura e processamento dos dados.
2023-05-16 16:34:37,537 - INFO - Fim do processamento dos dados. Processados 6 arquivos, 1239 documentos e extraídos 9357 termos em 0.8255913257598877 segundos (tempo médio por documento 0.0006663368246649619 segundos).
2023-05-16 16:34:37,537 - INFO - Início da gravação dos dados.
2023-05-16 16:34:37,564 - INFO - Fim da gravação dos dados. Gravados 9357 registros em 0.026790618896484375 segundos (tempo médio por registro 2.863163289140149e-06 segundos).
2023-05-16 16:34:37,564 - INFO - Fim do programa. Tempo total 0.9981355667114258 segundos.
2023-05-17 16:52:21,951 - INFO - Início do programa.
2023-05-17 16:52:22,195 - INFO - Lendo arquivo de configuração...
2023-05-17 16:52:22,198 - INFO - Arquivo de configuração lido com sucesso.
2023-05-17 16:52:22,198 - INFO - Início da leitura e processamento dos dados.
2023-05-17 16:53:47,746 - INFO - Início do programa.
2023-05-17 16:53:47,813 - INFO - Lendo arquivo de configuração...
2023-05-17 16:53:47,814 - INFO - Arquivo de configuração lido com sucesso.
2023-05-17 16:53:47,814 - INFO - Início da leitura e processamento dos dados.
2023-05-17 16:55:20,174 - INFO - Início do programa.
2023-05-17 16:55:20,300 - INFO - Lendo arquivo de configuração...
2023-05-17 16:55:20,301 - INFO - Arquivo de configuração lido com sucesso.
2023-05-17 16:55:20,302 - INFO - Início da leitura e processamento dos dados.
2023-05-17 23:00:33,631 - INFO - Início do programa.
2023-05-17 23:00:33,922 - INFO - Lendo arquivo de configuração...
2023-05-17 23:00:33,923 - INFO - Arquivo de configuração lido com sucesso.
2023-05-17 23:00:33,924 - INFO - Início da leitura e processamento dos dados.
2023-05-17 23:00:35,458 - INFO - Fim do processamento dos dados. Processados 6 arquivos, 1239 documentos e extraídos 9357 termos em 1.5344212055206299 segundos (tempo médio por documento 0.0012384351941248021 segundos).
2023-05-17 23:00:35,459 - INFO - Início da gravação dos dados.
2023-05-17 23:00:35,506 - INFO - Fim da gravação dos dados. Gravados 9357 registros em 0.04745817184448242 segundos (tempo médio por registro 5.071943127549687e-06 segundos).
2023-05-17 23:00:35,507 - INFO - Fim do programa. Tempo total 1.8758716583251953 segundos.
2023-05-17 23:04:31,501 - INFO - Início do programa.
2023-05-17 23:04:31,571 - INFO - Lendo arquivo de configuração...
2023-05-17 23:04:31,572 - INFO - Arquivo de configuração lido com sucesso.
2023-05-17 23:04:31,572 - INFO - Início da leitura e processamento dos dados.
2023-05-17 23:04:33,017 - INFO - Fim do processamento dos dados. Processados 6 arquivos, 1239 documentos e extraídos 6461 termos em 1.4441606998443604 segundos (tempo médio por documento 0.0011655857141600972 segundos).
2023-05-17 23:04:33,017 - INFO - Início da gravação dos dados.
2023-05-17 23:04:33,044 - INFO - Fim da gravação dos dados. Gravados 6461 registros em 0.027222156524658203 segundos (tempo médio por registro 4.213303904141496e-06 segundos).
2023-05-17 23:04:33,044 - INFO - Fim do programa. Tempo total 1.5439457893371582 segundos.
2023-05-17 23:23:55,470 - INFO - Início do programa.
2023-05-17 23:23:55,560 - INFO - Lendo arquivo de configuração...
2023-05-17 23:23:55,561 - INFO - Arquivo de configuração lido com sucesso.
2023-05-17 23:23:55,561 - INFO - Início da leitura e processamento dos dados.
2023-05-17 23:24:50,714 - INFO - Início do programa.
2023-05-17 23:24:50,818 - INFO - Lendo arquivo de configuração...
2023-05-17 23:24:50,820 - INFO - Arquivo de configuração lido com sucesso.
2023-05-17 23:24:50,820 - INFO - Início da leitura e processamento dos dados.
2023-05-17 23:24:52,298 - INFO - Fim do processamento dos dados. Processados 6 arquivos, 1239 documentos e extraídos 15818 termos em 1.4774127006530762 segundos (tempo médio por documento 0.0011924234872099082 segundos).
2023-05-17 23:24:52,298 - INFO - Início da gravação dos dados.
2023-05-17 23:26:25,917 - INFO - Início do programa.
2023-05-17 23:26:25,997 - INFO - Lendo arquivo de configuração...
2023-05-17 23:26:25,998 - INFO - Arquivo de configuração lido com sucesso.
2023-05-17 23:26:25,999 - INFO - Início da leitura e processamento dos dados.
2023-05-17 23:26:27,487 - INFO - Fim do processamento dos dados. Processados 6 arquivos, 1239 documentos e extraídos 15818 termos em 1.4885189533233643 segundos (tempo médio por documento 0.001201387371528139 segundos).
2023-05-17 23:26:27,488 - INFO - Início da gravação dos dados.
2023-05-17 23:28:53,826 - INFO - Início do programa.
2023-05-17 23:28:53,937 - INFO - Lendo arquivo de configuração...
2023-05-17 23:28:53,937 - INFO - Arquivo de configuração lido com sucesso.
2023-05-17 23:28:53,937 - INFO - Início da leitura e processamento dos dados.
2023-05-17 23:28:55,808 - INFO - Fim do processamento dos dados. Processados 6 arquivos, 1239 documentos e extraídos 15818 termos em 1.8705315589904785 segundos (tempo médio por documento 0.0015097107013643894 segundos).
2023-05-17 23:28:55,808 - INFO - Início da gravação dos dados.
2023-05-17 23:29:39,097 - INFO - Início do programa.
2023-05-17 23:29:39,165 - INFO - Lendo arquivo de configuração...
2023-05-17 23:29:39,166 - INFO - Arquivo de configuração lido com sucesso.
2023-05-17 23:29:39,166 - INFO - Início da leitura e processamento dos dados.
2023-05-17 23:29:40,648 - INFO - Fim do processamento dos dados. Processados 6 arquivos, 1239 documentos e extraídos 15818 termos em 1.481532335281372 segundos (tempo médio por documento 0.0011957484546258048 segundos).
2023-05-17 23:29:40,648 - INFO - Início da gravação dos dados.
2023-05-17 23:31:21,988 - INFO - Início do programa.
2023-05-17 23:31:22,101 - INFO - Lendo arquivo de configuração...
2023-05-17 23:31:22,102 - INFO - Arquivo de configuração lido com sucesso.
2023-05-17 23:31:22,103 - INFO - Início da leitura e processamento dos dados.
2023-05-17 23:31:23,642 - INFO - Fim do processamento dos dados. Processados 6 arquivos, 1239 documentos e extraídos 15818 termos em 1.5390238761901855 segundos (tempo médio por documento 0.0012421500211381644 segundos).
2023-05-17 23:31:23,642 - INFO - Início da gravação dos dados.
2023-05-17 23:35:05,957 - INFO - Início do programa.
2023-05-17 23:35:06,015 - INFO - Lendo arquivo de configuração...
2023-05-17 23:35:06,016 - INFO - Arquivo de configuração lido com sucesso.
2023-05-17 23:35:06,016 - INFO - Início da leitura e processamento dos dados.
2023-05-17 23:35:07,533 - INFO - Fim do processamento dos dados. Processados 6 arquivos, 1239 documentos e extraídos 15818 termos em 1.5172357559204102 segundos (tempo médio por documento 0.0012245647747541647 segundos).
2023-05-17 23:35:07,533 - INFO - Início da gravação dos dados.
2023-05-17 23:35:34,436 - INFO - Início do programa.
2023-05-17 23:35:34,516 - INFO - Lendo arquivo de configuração...
2023-05-17 23:35:34,517 - INFO - Arquivo de configuração lido com sucesso.
2023-05-17 23:35:34,518 - INFO - Início da leitura e processamento dos dados.
2023-05-17 23:35:35,997 - INFO - Fim do processamento dos dados. Processados 6 arquivos, 1239 documentos e extraídos 15818 termos em 1.4782369136810303 segundos (tempo médio por documento 0.0011930887116069655 segundos).
2023-05-17 23:35:35,997 - INFO - Início da gravação dos dados.
2023-05-17 23:36:21,588 - INFO - Início do programa.
2023-05-17 23:36:21,647 - INFO - Lendo arquivo de configuração...
2023-05-17 23:36:21,648 - INFO - Arquivo de configuração lido com sucesso.
2023-05-17 23:36:21,648 - INFO - Início da leitura e processamento dos dados.
2023-05-17 23:36:23,113 - INFO - Fim do processamento dos dados. Processados 6 arquivos, 1239 documentos e extraídos 15818 termos em 1.4651331901550293 segundos (tempo médio por documento 0.0011825126635633813 segundos).
2023-05-17 23:36:23,114 - INFO - Início da gravação dos dados.
2023-05-17 23:37:42,383 - INFO - Início do programa.
2023-05-17 23:37:42,494 - INFO - Lendo arquivo de configuração...
2023-05-17 23:37:42,496 - INFO - Arquivo de configuração lido com sucesso.
2023-05-17 23:37:42,497 - INFO - Início da leitura e processamento dos dados.
2023-05-17 23:37:43,992 - INFO - Fim do processamento dos dados. Processados 6 arquivos, 1239 documentos e extraídos 15818 termos em 1.494476318359375 segundos (tempo médio por documento 0.0012061955757541364 segundos).
2023-05-17 23:37:43,993 - INFO - Início da gravação dos dados.
2023-05-17 23:39:16,315 - INFO - Início do programa.
2023-05-17 23:39:16,371 - INFO - Lendo arquivo de configuração...
2023-05-17 23:39:16,372 - INFO - Arquivo de configuração lido com sucesso.
2023-05-17 23:39:16,372 - INFO - Início da leitura e processamento dos dados.
2023-05-17 23:39:17,913 - INFO - Fim do processamento dos dados. Processados 6 arquivos, 1239 documentos e extraídos 15818 termos em 1.5415902137756348 segundos (tempo médio por documento 0.0012442213186244025 segundos).
2023-05-17 23:39:17,914 - INFO - Início da gravação dos dados.
2023-05-17 23:41:32,810 - INFO - Início do programa.
2023-05-17 23:41:32,915 - INFO - Lendo arquivo de configuração...
2023-05-17 23:41:32,916 - INFO - Arquivo de configuração lido com sucesso.
2023-05-17 23:41:32,917 - INFO - Início da leitura e processamento dos dados.
2023-05-17 23:41:34,419 - INFO - Fim do processamento dos dados. Processados 6 arquivos, 1239 documentos e extraídos 15818 termos em 1.5016465187072754 segundos (tempo médio por documento 0.0012119826623948953 segundos).
2023-05-17 23:41:34,419 - INFO - Início da gravação dos dados.
2023-05-17 23:48:15,128 - INFO - Início do programa.
2023-05-17 23:48:15,190 - INFO - Lendo arquivo de configuração...
2023-05-17 23:48:15,191 - INFO - Arquivo de configuração lido com sucesso.
2023-05-17 23:48:15,191 - INFO - Início da leitura e processamento dos dados.
2023-05-17 23:48:16,712 - INFO - Fim do processamento dos dados. Processados 6 arquivos, 1239 documentos e extraídos 15818 termos em 1.521519422531128 segundos (tempo médio por documento 0.001228022132793485 segundos).
2023-05-17 23:48:16,712 - INFO - Início da gravação dos dados.
2023-05-17 23:50:36,120 - INFO - Início do programa.
2023-05-17 23:50:36,178 - INFO - Lendo arquivo de configuração...
2023-05-17 23:50:36,178 - INFO - Arquivo de configuração lido com sucesso.
2023-05-17 23:50:36,178 - INFO - Início da leitura e processamento dos dados.
2023-05-17 23:50:37,832 - INFO - Fim do processamento dos dados. Processados 6 arquivos, 1239 documentos e extraídos 15818 termos em 1.6538283824920654 segundos (tempo médio por documento 0.0013348090254173249 segundos).
2023-05-17 23:50:37,832 - INFO - Início da gravação dos dados.
2023-05-17 23:51:15,042 - INFO - Início do programa.
2023-05-17 23:51:15,098 - INFO - Lendo arquivo de configuração...
2023-05-17 23:51:15,098 - INFO - Arquivo de configuração lido com sucesso.
2023-05-17 23:51:15,098 - INFO - Início da leitura e processamento dos dados.
2023-05-17 23:51:16,568 - INFO - Fim do processamento dos dados. Processados 6 arquivos, 1239 documentos e extraídos 15818 termos em 1.4698028564453125 segundos (tempo médio por documento 0.0011862815629098567 segundos).
2023-05-17 23:51:16,568 - INFO - Início da gravação dos dados.
2023-05-17 23:51:16,626 - INFO - Fim da gravação dos dados. Gravados 15818 registros em 0.05724287033081055 segundos (tempo médio por registro 3.618843743255187e-06 segundos).
2023-05-17 23:51:16,626 - INFO - Fim do programa. Tempo total 1.5842721462249756 segundos.
2023-05-18 00:21:31,682 - INFO - Início do programa.
2023-05-18 00:21:31,774 - INFO - Lendo arquivo de configuração...
2023-05-18 00:22:08,102 - INFO - Início do programa.
2023-05-18 00:22:08,176 - INFO - Lendo arquivo de configuração...
2023-05-18 00:22:08,177 - INFO - Arquivo de configuração lido com sucesso.
2023-05-18 00:22:08,178 - INFO - Início da leitura e processamento dos dados.
2023-05-18 00:22:09,648 - INFO - Fim do processamento dos dados. Processados 6 arquivos, 1239 documentos e extraídos 6461 termos em 1.4699785709381104 segundos (tempo médio por documento 0.0011864233825166347 segundos).
2023-05-18 00:22:09,648 - INFO - Início da gravação dos dados.
2023-05-18 00:22:29,938 - INFO - Início do programa.
2023-05-18 00:22:30,003 - INFO - Lendo arquivo de configuração...
2023-05-18 00:22:30,004 - INFO - Arquivo de configuração lido com sucesso.
2023-05-18 00:22:30,004 - INFO - Início da leitura e processamento dos dados.
2023-05-18 00:22:31,492 - INFO - Fim do processamento dos dados. Processados 6 arquivos, 1239 documentos e extraídos 6461 termos em 1.4874255657196045 segundos (tempo médio por documento 0.0012005048956574692 segundos).
2023-05-18 00:22:31,492 - INFO - Início da gravação dos dados.
2023-05-18 00:22:31,519 - INFO - Fim da gravação dos dados. Gravados 6461 registros em 0.026378393173217773 segundos (tempo médio por registro 4.082710597928768e-06 segundos).
2023-05-18 00:22:31,519 - INFO - Fim do programa. Tempo total 1.5807335376739502 segundos.
2023-05-18 00:23:55,747 - INFO - Início do programa.
2023-05-18 00:23:55,815 - INFO - Lendo arquivo de configuração...
2023-05-18 00:23:55,815 - INFO - Arquivo de configuração lido com sucesso.
2023-05-18 00:23:55,815 - INFO - Início da leitura e processamento dos dados.
2023-05-18 00:23:56,652 - INFO - Fim do processamento dos dados. Processados 6 arquivos, 1239 documentos e extraídos 9357 termos em 0.8367500305175781 segundos (tempo médio por documento 0.0006753430431941712 segundos).
2023-05-18 00:23:56,652 - INFO - Início da gravação dos dados.
2023-05-18 00:23:56,683 - INFO - Fim da gravação dos dados. Gravados 9357 registros em 0.030333518981933594 segundos (tempo médio por registro 3.241799613330511e-06 segundos).
2023-05-18 00:23:56,683 - INFO - Fim do programa. Tempo total 0.9367368221282959 segundos.
2023-05-18 00:27:24,258 - INFO - Início do programa.
2023-05-18 00:27:24,325 - INFO - Lendo arquivo de configuração...
2023-05-18 00:27:24,326 - INFO - Arquivo de configuração lido com sucesso.
2023-05-18 00:27:24,326 - INFO - Início da leitura e processamento dos dados.
2023-05-18 00:27:25,852 - INFO - Fim do processamento dos dados. Processados 6 arquivos, 1239 documentos e extraídos 6461 termos em 1.5258193016052246 segundos (tempo médio por documento 0.0012314925759525622 segundos).
2023-05-18 00:27:25,853 - INFO - Início da gravação dos dados.
2023-05-18 00:27:25,879 - INFO - Fim da gravação dos dados. Gravados 6461 registros em 0.026560306549072266 segundos (tempo médio por registro 4.1108662047782485e-06 segundos).
2023-05-18 00:27:25,880 - INFO - Fim do programa. Tempo total 1.6218154430389404 segundos.
2023-05-18 00:54:30,364 - INFO - Início do programa.
2023-05-18 00:54:30,438 - INFO - Lendo arquivo de configuração...
2023-05-18 00:54:30,439 - INFO - Arquivo de configuração lido com sucesso.
2023-05-18 00:54:30,440 - INFO - Início da leitura e processamento dos dados.
2023-05-18 00:54:31,957 - INFO - Fim do processamento dos dados. Processados 6 arquivos, 1239 documentos e extraídos 6461 termos em 1.5166313648223877 segundos (tempo médio por documento 0.0012240769691867536 segundos).
2023-05-18 00:54:31,957 - INFO - Início da gravação dos dados.
2023-05-18 00:54:31,984 - INFO - Fim da gravação dos dados. Gravados 6461 registros em 0.026760578155517578 segundos (tempo médio por registro 4.141863203144649e-06 segundos).
2023-05-18 00:54:31,984 - INFO - Fim do programa. Tempo total 1.619983196258545 segundos.
2023-05-18 01:04:48,840 - INFO - Início do programa.
2023-05-18 01:04:48,914 - INFO - Lendo arquivo de configuração...
2023-05-18 01:04:48,914 - INFO - Arquivo de configuração lido com sucesso.
2023-05-18 01:04:48,914 - INFO - Início da leitura e processamento dos dados.
2023-05-18 01:04:50,363 - INFO - Fim do processamento dos dados. Processados 6 arquivos, 1239 documentos e extraídos 6461 termos em 1.448676347732544 segundos (tempo médio por documento 0.0011692303048688813 segundos).
2023-05-18 01:04:50,363 - INFO - Início da gravação dos dados.
2023-05-18 01:04:50,392 - INFO - Fim da gravação dos dados. Gravados 6461 registros em 0.02859044075012207 segundos (tempo médio por registro 4.425079825123366e-06 segundos).
2023-05-18 01:04:50,392 - INFO - Fim do programa. Tempo total 1.5527970790863037 segundos.
2023-05-18 01:12:37,712 - INFO - Início do programa.
2023-05-18 01:12:37,772 - INFO - Lendo arquivo de configuração...
2023-05-18 01:12:37,772 - INFO - Arquivo de configuração lido com sucesso.
2023-05-18 01:12:37,773 - INFO - Início da leitura e processamento dos dados.
2023-05-18 01:12:38,794 - INFO - Fim do processamento dos dados. Processados 6 arquivos, 1239 documentos e extraídos 9357 termos em 1.0214691162109375 segundos (tempo médio por documento 0.0008244302794277138 segundos).
2023-05-18 01:12:38,794 - INFO - Início da gravação dos dados.
2023-05-18 01:12:38,824 - INFO - Fim da gravação dos dados. Gravados 9357 registros em 0.030065059661865234 segundos (tempo médio por registro 3.2131088662888996e-06 segundos).
2023-05-18 01:12:38,825 - INFO - Fim do programa. Tempo total 1.1131861209869385 segundos.
2023-05-18 01:14:47,475 - INFO - Início do programa.
2023-05-18 01:14:47,530 - INFO - Lendo arquivo de configuração...
2023-05-18 01:14:47,530 - INFO - Arquivo de configuração lido com sucesso.
2023-05-18 01:14:47,530 - INFO - Início da leitura e processamento dos dados.
2023-05-18 01:14:49,016 - INFO - Fim do processamento dos dados. Processados 6 arquivos, 1239 documentos e extraídos 6461 termos em 1.4853565692901611 segundos (tempo médio por documento 0.0011988350034625999 segundos).
2023-05-18 01:14:49,016 - INFO - Início da gravação dos dados.
2023-05-18 01:14:49,038 - INFO - Fim da gravação dos dados. Gravados 6461 registros em 0.021718740463256836 segundos (tempo médio por registro 3.361513769270521e-06 segundos).
2023-05-18 01:14:49,038 - INFO - Fim do programa. Tempo total 1.5630271434783936 segundos.
2023-05-24 01:31:13,054 - INFO - Início do programa.
2023-05-24 01:31:13,498 - INFO - Lendo arquivo de configuração...
2023-05-24 01:31:13,499 - INFO - Arquivo de configuração lido com sucesso.
2023-05-24 01:31:13,499 - INFO - Início da leitura e processamento dos dados.
2023-05-24 01:31:14,837 - INFO - Fim do processamento dos dados. Processados 6 arquivos, 1239 documentos e extraídos 9357 termos em 1.3378677368164062 segundos (tempo médio por documento 0.0010797963977533546 segundos).
2023-05-24 01:31:14,837 - INFO - Início da gravação dos dados.
2023-05-24 01:31:14,892 - INFO - Fim da gravação dos dados. Gravados 9357 registros em 0.054284095764160156 segundos (tempo médio por registro 5.801442317426542e-06 segundos).
2023-05-24 01:31:14,892 - INFO - Fim do programa. Tempo total 1.8391103744506836 segundos.
2023-05-24 14:57:16,560 - INFO - Início do programa.
2023-05-24 14:57:16,700 - INFO - Lendo arquivo de configuração...
2023-05-24 14:57:16,703 - INFO - Arquivo de configuração lido com sucesso.
2023-05-24 14:57:16,704 - INFO - Início da leitura e processamento dos dados.
2023-05-24 14:57:18,445 - INFO - Fim do processamento dos dados. Processados 6 arquivos, 1239 documentos e extraídos 6461 termos em 1.7411036491394043 segundos (tempo médio por documento 0.0014052491114926588 segundos).
2023-05-24 14:57:18,446 - INFO - Início da gravação dos dados.
2023-05-24 14:57:18,508 - INFO - Fim da gravação dos dados. Gravados 6461 registros em 0.062207937240600586 segundos (tempo médio por registro 9.628221210431913e-06 segundos).
2023-05-24 14:57:18,508 - INFO - Fim do programa. Tempo total 1.9490444660186768 segundos.
2023-05-24 14:57:42,575 - INFO - Início do programa.
2023-05-24 14:57:42,638 - INFO - Lendo arquivo de configuração...
2023-05-24 14:57:42,638 - INFO - Arquivo de configuração lido com sucesso.
2023-05-24 14:57:42,638 - INFO - Início da leitura e processamento dos dados.
2023-05-24 14:57:44,091 - INFO - Fim do processamento dos dados. Processados 6 arquivos, 1239 documentos e extraídos 6461 termos em 1.4525022506713867 segundos (tempo médio por documento 0.0011723182007032985 segundos).
2023-05-24 14:57:44,113 - INFO - Início da gravação dos dados.
2023-05-24 14:57:44,141 - INFO - Fim da gravação dos dados. Gravados 6461 registros em 0.026755332946777344 segundos (tempo médio por registro 4.141051376996958e-06 segundos).
2023-05-24 14:57:44,141 - INFO - Fim do programa. Tempo total 1.5656559467315674 segundos.
2023-05-24 15:33:57,808 - INFO - Início do programa.
2023-05-24 15:33:57,883 - INFO - Lendo arquivo de configuração...
2023-05-24 15:33:57,884 - INFO - Arquivo de configuração lido com sucesso.
2023-05-24 15:33:57,884 - INFO - Início da leitura e processamento dos dados.
2023-05-24 15:33:58,765 - INFO - Fim do processamento dos dados. Processados 6 arquivos, 1239 documentos e extraídos 9357 termos em 0.8812804222106934 segundos (tempo médio por documento 0.0007112836337455152 segundos).
2023-05-24 15:33:58,766 - INFO - Início da gravação dos dados.
2023-05-24 15:33:58,795 - INFO - Fim da gravação dos dados. Gravados 9357 registros em 0.029456615447998047 segundos (tempo médio por registro 3.1480833010578226e-06 segundos).
2023-05-24 15:33:58,795 - INFO - Fim do programa. Tempo total 0.9872820377349854 segundos.
2023-05-24 15:36:32,714 - INFO - Início do programa.
2023-05-24 15:36:32,800 - INFO - Lendo arquivo de configuração...
2023-05-24 15:36:32,802 - INFO - Arquivo de configuração lido com sucesso.
2023-05-24 15:36:32,802 - INFO - Início da leitura e processamento dos dados.
2023-05-24 15:36:34,267 - INFO - Fim do processamento dos dados. Processados 6 arquivos, 1239 documentos e extraídos 6461 termos em 1.4645752906799316 segundos (tempo médio por documento 0.0011820623815011555 segundos).
2023-05-24 15:36:34,268 - INFO - Início da gravação dos dados.
2023-05-24 15:36:34,295 - INFO - Fim da gravação dos dados. Gravados 6461 registros em 0.027075529098510742 segundos (tempo médio por registro 4.190609673194667e-06 segundos).
2023-05-24 15:36:34,295 - INFO - Fim do programa. Tempo total 1.5807874202728271 segundos.
2023-05-24 15:47:02,438 - INFO - Início do programa.
2023-05-24 15:47:02,504 - INFO - Lendo arquivo de configuração...
2023-05-24 15:47:02,505 - INFO - Arquivo de configuração lido com sucesso.
2023-05-24 15:47:02,505 - INFO - Início da leitura e processamento dos dados.
2023-05-24 15:47:03,340 - INFO - Fim do processamento dos dados. Processados 6 arquivos, 1239 documentos e extraídos 9357 termos em 0.8346631526947021 segundos (tempo médio por documento 0.0006736587188819227 segundos).
2023-05-24 15:47:03,340 - INFO - Início da gravação dos dados.
2023-05-24 15:47:03,372 - INFO - Fim da gravação dos dados. Gravados 9357 registros em 0.0312647819519043 segundos (tempo médio por registro 3.3413254196755686e-06 segundos).
2023-05-24 15:47:03,372 - INFO - Fim do programa. Tempo total 0.9336245059967041 segundos.
2023-05-24 15:55:25,202 - INFO - Início do programa.
2023-05-24 15:55:25,279 - INFO - Lendo arquivo de configuração...
2023-05-24 15:55:25,281 - INFO - Arquivo de configuração lido com sucesso.
2023-05-24 15:55:25,281 - INFO - Início da leitura e processamento dos dados.
2023-05-24 15:55:26,225 - INFO - Fim do processamento dos dados. Processados 6 arquivos, 1239 documentos e extraídos 9357 termos em 0.944023847579956 segundos (tempo médio por documento 0.0007619240093462115 segundos).
2023-05-24 15:55:26,225 - INFO - Início da gravação dos dados.
2023-05-24 15:55:26,260 - INFO - Fim da gravação dos dados. Gravados 9357 registros em 0.03470015525817871 segundos (tempo médio por registro 3.7084701569069905e-06 segundos).
2023-05-24 15:55:26,260 - INFO - Fim do programa. Tempo total 1.0579569339752197 segundos.
2023-05-24 15:57:37,458 - INFO - Início do programa.
2023-05-24 15:57:37,517 - INFO - Lendo arquivo de configuração...
2023-05-24 15:57:37,518 - INFO - Arquivo de configuração lido com sucesso.
2023-05-24 15:57:37,518 - INFO - Início da leitura e processamento dos dados.
2023-05-24 15:57:38,962 - INFO - Fim do processamento dos dados. Processados 6 arquivos, 1239 documentos e extraídos 6461 termos em 1.4441087245941162 segundos (tempo médio por documento 0.0011655437648055822 segundos).
2023-05-24 15:57:38,962 - INFO - Início da gravação dos dados.
2023-05-24 15:57:38,991 - INFO - Fim da gravação dos dados. Gravados 6461 registros em 0.028727054595947266 segundos (tempo médio por registro 4.446224206151875e-06 segundos).
2023-05-24 15:57:38,991 - INFO - Fim do programa. Tempo total 1.5337543487548828 segundos.
