2023-05-25 15:32:39,352 - INFO - Início do programa.
2023-05-25 15:32:39,352 - INFO - Lendo arquivo de configuração...
2023-05-25 15:32:39,352 - INFO - Arquivo de configuração lido com sucesso.
2023-05-25 15:32:39,352 - INFO - Início da leitura da lista invertida.
2023-05-25 15:32:39,856 - INFO - Lista invertida lida com sucesso. Processados 6461 termos - tempo médio de 7.799903853097174e-05 segundos.
2023-05-25 15:32:39,857 - INFO - Início da criação da matriz termo_documento com tf-idf.
2023-05-25 15:33:14,447 - INFO - Matriz termo_documento criada com sucesso. Processadas 6461 linhas e 1215 colunas em 34.59037494659424 segundos - tempo médio por item de 4.406352638986084e-06 segundos.
2023-05-25 15:33:14,448 - INFO - Início da gravação dos dados do modelo em arquivo.
2023-05-25 15:33:15,303 - INFO - Gravação dos dados do modelo concluída. Gravadas 6463 linhas em 0.8555030822753906 segundos - tempo médio de 0.0001323693458572475 segundos.
2023-05-25 15:33:15,304 - INFO - Fim do programa. Tempo total 35.952399015426636 segundos.
2023-05-25 15:34:13,438 - INFO - Início do programa.
2023-05-25 15:34:13,438 - INFO - Lendo arquivo de configuração...
2023-05-25 15:34:13,439 - INFO - Arquivo de configuração lido com sucesso.
2023-05-25 15:34:13,439 - INFO - Início da leitura da lista invertida.
2023-05-25 15:34:14,119 - INFO - Lista invertida lida com sucesso. Processados 9357 termos - tempo médio de 7.266764892043244e-05 segundos.
2023-05-25 15:34:14,120 - INFO - Início da criação da matriz termo_documento com tf-idf.
2023-05-25 15:35:04,909 - INFO - Matriz termo_documento criada com sucesso. Processadas 9357 linhas e 1215 colunas em 50.78921055793762 segundos - tempo médio por item de 4.467438216228393e-06 segundos.
2023-05-25 15:35:05,000 - INFO - Início da gravação dos dados do modelo em arquivo.
2023-05-25 15:35:06,271 - INFO - Gravação dos dados do modelo concluída. Gravadas 9359 linhas em 1.2394294738769531 segundos - tempo médio de 0.00013243182753253053 segundos.
2023-05-25 15:35:06,271 - INFO - Fim do programa. Tempo total 52.83383369445801 segundos.
